<?xml version="1.0" encoding="UTF-8"?>
<!-- Generated by org.testng.reporters.JUnitXMLReporter -->
<testsuite ignored="0" hostname="DESKTOP-HQ92C6H" failures="0" tests="3" name="ChangePasswordDropdownTests" time="33.001" errors="0" timestamp="2024-06-28T01:31:06 IST">
  <testcase classname="com.opensourcedemo.orangehrmlive.ChangePasswordDropdownTests" name="saveNewPasswordTest" time="8.087"/>
  <testcase classname="com.opensourcedemo.orangehrmlive.ChangePasswordDropdownTests" name="cancelNewPasswordTest" time="6.842"/>
  <testcase classname="com.opensourcedemo.orangehrmlive.ChangePasswordDropdownTests" name="reqPasswordTest" time="9.217"/>
</testsuite> <!-- ChangePasswordDropdownTests -->
