<?xml version="1.0" encoding="UTF-8"?>
<!-- Generated by org.testng.reporters.JUnitXMLReporter -->
<testsuite ignored="3" hostname="DESKTOP-HQ92C6H" failures="0" tests="1" name="ExceptionTests" time="7.763" errors="0" timestamp="2024-06-11T01:13:16 IST">
  <testcase classname="com.opensourcedemo.orangehrmlive.LoginTests" name="negativeNoUserPasswordTest" time="4.321"/>
  <testcase classname="com.opensourcedemo.orangehrmlive.LoginTests" name="negativeUsernameTest" time="0.0">
    <ignored/>
  </testcase> <!-- negativeUsernameTest -->
  <testcase classname="com.opensourcedemo.orangehrmlive.LoginTests" name="negativePasswordTest" time="0.0">
    <ignored/>
  </testcase> <!-- negativePasswordTest -->
  <testcase classname="com.opensourcedemo.orangehrmlive.LoginTests" name="positiveLoginTest" time="0.0">
    <ignored/>
  </testcase> <!-- positiveLoginTest -->
</testsuite> <!-- ExceptionTests -->
