<?xml version="1.0" encoding="UTF-8"?>
<!-- Generated by org.testng.reporters.JUnitXMLReporter -->
<testsuite ignored="0" hostname="DESKTOP-HQ92C6H" failures="0" tests="3" name="ForgotPasswordTests" time="20.577" errors="0" timestamp="2024-06-28T00:23:21 IST">
  <testcase classname="com.opensourcedemo.orangehrmlive.ForgotPasswordTests" name="resetPasswordTests" time="4.851"/>
  <testcase classname="com.opensourcedemo.orangehrmlive.ForgotPasswordTests" name="cancelResetTests" time="4.029"/>
  <testcase classname="com.opensourcedemo.orangehrmlive.ForgotPasswordTests" name="noUsernameResetTests" time="2.954"/>
</testsuite> <!-- ForgotPasswordTests -->
