<?xml version="1.0" encoding="UTF-8"?>
<!-- Generated by org.testng.reporters.JUnitXMLReporter -->
<testsuite ignored="2" hostname="DESKTOP-HQ92C6H" failures="0" tests="1" name="NegativeUsernameTests" time="5.02" errors="0" timestamp="2024-06-28T00:51:20 IST">
  <testcase classname="com.opensourcedemo.orangehrmlive.LoginTests" name="negativeLoginTest" time="2.54"/>
  <testcase classname="com.opensourcedemo.orangehrmlive.LoginTests" name="negativeNoUserPasswordTest" time="0.0">
    <ignored/>
  </testcase> <!-- negativeNoUserPasswordTest -->
  <testcase classname="com.opensourcedemo.orangehrmlive.LoginTests" name="positiveLoginTest" time="0.0">
    <ignored/>
  </testcase> <!-- positiveLoginTest -->
</testsuite> <!-- NegativeUsernameTests -->
