<?xml version="1.0" encoding="UTF-8"?>
<!-- Generated by org.testng.reporters.JUnitXMLReporter -->
<testsuite ignored="2" hostname="DESKTOP-HQ92C6H" failures="0" tests="1" name="NegativeNoUserPasswordTests" time="8.084" errors="0" timestamp="2024-06-28T00:51:36 IST">
  <testcase classname="com.opensourcedemo.orangehrmlive.LoginTests" name="negativeNoUserPasswordTest" time="2.753"/>
  <testcase classname="com.opensourcedemo.orangehrmlive.LoginTests" name="positiveLoginTest" time="0.0">
    <ignored/>
  </testcase> <!-- positiveLoginTest -->
  <testcase classname="com.opensourcedemo.orangehrmlive.LoginTests" name="negativeLoginTest" time="0.0">
    <ignored/>
  </testcase> <!-- negativeLoginTest -->
</testsuite> <!-- NegativeNoUserPasswordTests -->
