<?xml version="1.0" encoding="UTF-8"?>
<testng-results ignored="0" total="3" passed="3" failed="0" skipped="0">
  <reporter-output>
  </reporter-output>
  <suite started-at="2024-06-28T01:30:33 IST" name="Debug" finished-at="2024-06-28T01:31:06 IST" duration-ms="33001">
    <groups>
    </groups>
    <test started-at="2024-06-28T01:30:33 IST" name="ChangePasswordDropdownTests" finished-at="2024-06-28T01:31:06 IST" duration-ms="33001">
      <class name="com.opensourcedemo.orangehrmlive.ChangePasswordDropdownTests">
        <test-method is-config="true" signature="setup(java.lang.String)[pri:0, instance:com.opensourcedemo.orangehrmlive.ChangePasswordDropdownTests@38d8f54a]" started-at="2024-06-28T01:30:33 IST" name="setup" finished-at="2024-06-28T01:30:37 IST" duration-ms="3631" status="PASS">
          <params>
            <param index="0">
              <value>
                <![CDATA[chrome]]>
              </value>
            </param>
          </params>
          <reporter-output>
          </reporter-output>
        </test-method> <!-- setup -->
        <test-method signature="saveNewPasswordTest()[pri:0, instance:com.opensourcedemo.orangehrmlive.ChangePasswordDropdownTests@38d8f54a]" started-at="2024-06-28T01:30:37 IST" name="saveNewPasswordTest" finished-at="2024-06-28T01:30:45 IST" duration-ms="8087" status="PASS">
          <reporter-output>
          </reporter-output>
        </test-method> <!-- saveNewPasswordTest -->
        <test-method is-config="true" signature="close()[pri:0, instance:com.opensourcedemo.orangehrmlive.ChangePasswordDropdownTests@38d8f54a]" started-at="2024-06-28T01:30:45 IST" name="close" finished-at="2024-06-28T01:30:45 IST" duration-ms="192" status="PASS">
          <reporter-output>
          </reporter-output>
        </test-method> <!-- close -->
        <test-method is-config="true" signature="setup(java.lang.String)[pri:0, instance:com.opensourcedemo.orangehrmlive.ChangePasswordDropdownTests@38d8f54a]" started-at="2024-06-28T01:30:45 IST" name="setup" finished-at="2024-06-28T01:30:47 IST" duration-ms="2368" status="PASS">
          <params>
            <param index="0">
              <value>
                <![CDATA[chrome]]>
              </value>
            </param>
          </params>
          <reporter-output>
          </reporter-output>
        </test-method> <!-- setup -->
        <test-method signature="cancelNewPasswordTest()[pri:0, instance:com.opensourcedemo.orangehrmlive.ChangePasswordDropdownTests@38d8f54a]" started-at="2024-06-28T01:30:47 IST" name="cancelNewPasswordTest" finished-at="2024-06-28T01:30:54 IST" duration-ms="6842" status="PASS">
          <reporter-output>
          </reporter-output>
        </test-method> <!-- cancelNewPasswordTest -->
        <test-method is-config="true" signature="close()[pri:0, instance:com.opensourcedemo.orangehrmlive.ChangePasswordDropdownTests@38d8f54a]" started-at="2024-06-28T01:30:54 IST" name="close" finished-at="2024-06-28T01:30:54 IST" duration-ms="178" status="PASS">
          <reporter-output>
          </reporter-output>
        </test-method> <!-- close -->
        <test-method is-config="true" signature="setup(java.lang.String)[pri:0, instance:com.opensourcedemo.orangehrmlive.ChangePasswordDropdownTests@38d8f54a]" started-at="2024-06-28T01:30:54 IST" name="setup" finished-at="2024-06-28T01:30:57 IST" duration-ms="2269" status="PASS">
          <params>
            <param index="0">
              <value>
                <![CDATA[chrome]]>
              </value>
            </param>
          </params>
          <reporter-output>
          </reporter-output>
        </test-method> <!-- setup -->
        <test-method signature="reqPasswordTest()[pri:0, instance:com.opensourcedemo.orangehrmlive.ChangePasswordDropdownTests@38d8f54a]" started-at="2024-06-28T01:30:57 IST" name="reqPasswordTest" finished-at="2024-06-28T01:31:06 IST" duration-ms="9217" status="PASS">
          <reporter-output>
          </reporter-output>
        </test-method> <!-- reqPasswordTest -->
        <test-method is-config="true" signature="close()[pri:0, instance:com.opensourcedemo.orangehrmlive.ChangePasswordDropdownTests@38d8f54a]" started-at="2024-06-28T01:31:06 IST" name="close" finished-at="2024-06-28T01:31:06 IST" duration-ms="146" status="PASS">
          <reporter-output>
          </reporter-output>
        </test-method> <!-- close -->
      </class> <!-- com.opensourcedemo.orangehrmlive.ChangePasswordDropdownTests -->
    </test> <!-- ChangePasswordDropdownTests -->
  </suite> <!-- Debug -->
</testng-results>
